  Scene5.cpp
  SolidsSystem.cpp
  main.cpp
C:\Users\laura\Documents\Desarrollo de Videojuegos\3ero\1 Cuatri\Fisica\Practicas\SimulacionFisicaVideojuegos\common\PhysX-3.4\PxShared\include\task\PxTask.h(329,1): warning C5220: "physx::PxLightCpuTask::mRefCount": un miembro de datos no estático con un tipo calificado volátil ya no implica
           que los constructores de copia/movimiento generados por el compilador y los operadores de asignación de copia o movimiento no sean triviales (compilando archivo de origen main.cpp)
C:\Users\laura\Documents\Desarrollo de Videojuegos\3ero\1 Cuatri\Fisica\Practicas\SimulacionFisicaVideojuegos\common\PhysX-3.4\PxShared\include\task\PxTask.h(326): message : vea la declaración de 'physx::PxLightCpuTask::mRefCount' (compilando archivo de origen main.cpp)
C:\Users\laura\Documents\Desarrollo de Videojuegos\3ero\1 Cuatri\Fisica\Practicas\SimulacionFisicaVideojuegos\common\PhysX-3.4\PxShared\include\task\PxTask.h(329,1): warning C5220: "physx::PxLightCpuTask::mRefCount": un miembro de datos no estático con un tipo calificado volátil ya no implica
           que los constructores de copia/movimiento generados por el compilador y los operadores de asignación de copia o movimiento no sean triviales (compilando archivo de origen Scene5.cpp)
C:\Users\laura\Documents\Desarrollo de Videojuegos\3ero\1 Cuatri\Fisica\Practicas\SimulacionFisicaVideojuegos\common\PhysX-3.4\PxShared\include\task\PxTask.h(326): message : vea la declaración de 'physx::PxLightCpuTask::mRefCount' (compilando archivo de origen Scene5.cpp)
C:\Users\laura\Documents\Desarrollo de Videojuegos\3ero\1 Cuatri\Fisica\Practicas\SimulacionFisicaVideojuegos\common\PhysX-3.4\PxShared\include\task\PxTask.h(329,1): warning C5220: "physx::PxLightCpuTask::mRefCount": un miembro de datos no estático con un tipo calificado volátil ya no implica
           que los constructores de copia/movimiento generados por el compilador y los operadores de asignación de copia o movimiento no sean triviales (compilando archivo de origen SolidsSystem.cpp)
C:\Users\laura\Documents\Desarrollo de Videojuegos\3ero\1 Cuatri\Fisica\Practicas\SimulacionFisicaVideojuegos\common\PhysX-3.4\PxShared\include\task\PxTask.h(326): message : vea la declaración de 'physx::PxLightCpuTask::mRefCount' (compilando archivo de origen SolidsSystem.cpp)
C:\Users\laura\Documents\Desarrollo de Videojuegos\3ero\1 Cuatri\Fisica\Practicas\SimulacionFisicaVideojuegos\skeleton\ColorHSV.h(92,15): warning C5219: conversión implícita de "long" a "float"; posible pérdida de datos (compilando archivo de origen Scene5.cpp)
C:\Users\laura\Documents\Desarrollo de Videojuegos\3ero\1 Cuatri\Fisica\Practicas\SimulacionFisicaVideojuegos\skeleton\ParticleGenerator.h(31,1): warning C4625: 'ParticleGenerator': el constructor de copia se definió implícitamente como eliminado (compilando archivo de origen Scene5.cpp)
C:\Users\laura\Documents\Desarrollo de Videojuegos\3ero\1 Cuatri\Fisica\Practicas\SimulacionFisicaVideojuegos\skeleton\ParticleGenerator.h(31,1): warning C4626: 'ParticleGenerator': el operador de asignaciones se definió implícitamente como eliminado (compilando archivo de origen Scene5.cpp)
C:\Users\laura\Documents\Desarrollo de Videojuegos\3ero\1 Cuatri\Fisica\Practicas\SimulacionFisicaVideojuegos\skeleton\ParticleGenerator.h(26,3): warning C4265: "ParticleGenerator": la clase tiene funciones virtuales, pero su destructor no trivial no es virtual; puede que las instancias de esta clase no se destruyan correctamente (compilando archivo de origen Scene5.cpp)
C:\Users\laura\Documents\Desarrollo de Videojuegos\3ero\1 Cuatri\Fisica\Practicas\SimulacionFisicaVideojuegos\skeleton\ParticleGenerator.h(43,1): warning C4625: 'UniformParticleGenerator': el constructor de copia se definió implícitamente como eliminado (compilando archivo de origen Scene5.cpp)
C:\Users\laura\Documents\Desarrollo de Videojuegos\3ero\1 Cuatri\Fisica\Practicas\SimulacionFisicaVideojuegos\skeleton\ParticleGenerator.h(43,1): warning C5026: 'UniformParticleGenerator': el constructor de movimiento se definió implícitamente como eliminado (compilando archivo de origen Scene5.cpp)
C:\Users\laura\Documents\Desarrollo de Videojuegos\3ero\1 Cuatri\Fisica\Practicas\SimulacionFisicaVideojuegos\skeleton\ParticleGenerator.h(43,1): warning C4626: 'UniformParticleGenerator': el operador de asignaciones se definió implícitamente como eliminado (compilando archivo de origen Scene5.cpp)
C:\Users\laura\Documents\Desarrollo de Videojuegos\3ero\1 Cuatri\Fisica\Practicas\SimulacionFisicaVideojuegos\skeleton\ParticleGenerator.h(43,1): warning C5027: 'UniformParticleGenerator': el operador de asignaciones de movimiento se definió implícitamente como eliminado (compilando archivo de origen Scene5.cpp)
C:\Users\laura\Documents\Desarrollo de Videojuegos\3ero\1 Cuatri\Fisica\Practicas\SimulacionFisicaVideojuegos\skeleton\ParticleGenerator.h(43,1): warning C4265: "UniformParticleGenerator": la clase tiene funciones virtuales, pero su destructor no trivial no es virtual; puede que las instancias de esta clase no se destruyan correctamente (compilando archivo de origen Scene5.cpp)
C:\Users\laura\Documents\Desarrollo de Videojuegos\3ero\1 Cuatri\Fisica\Practicas\SimulacionFisicaVideojuegos\skeleton\ParticleGenerator.h(52,1): warning C4625: 'GaussianParticleGenerator': el constructor de copia se definió implícitamente como eliminado (compilando archivo de origen Scene5.cpp)
C:\Users\laura\Documents\Desarrollo de Videojuegos\3ero\1 Cuatri\Fisica\Practicas\SimulacionFisicaVideojuegos\skeleton\ParticleGenerator.h(52,1): warning C5026: 'GaussianParticleGenerator': el constructor de movimiento se definió implícitamente como eliminado (compilando archivo de origen Scene5.cpp)
C:\Users\laura\Documents\Desarrollo de Videojuegos\3ero\1 Cuatri\Fisica\Practicas\SimulacionFisicaVideojuegos\skeleton\ParticleGenerator.h(52,1): warning C4626: 'GaussianParticleGenerator': el operador de asignaciones se definió implícitamente como eliminado (compilando archivo de origen Scene5.cpp)
C:\Users\laura\Documents\Desarrollo de Videojuegos\3ero\1 Cuatri\Fisica\Practicas\SimulacionFisicaVideojuegos\skeleton\ParticleGenerator.h(52,1): warning C5027: 'GaussianParticleGenerator': el operador de asignaciones de movimiento se definió implícitamente como eliminado (compilando archivo de origen Scene5.cpp)
C:\Users\laura\Documents\Desarrollo de Videojuegos\3ero\1 Cuatri\Fisica\Practicas\SimulacionFisicaVideojuegos\skeleton\ParticleGenerator.h(52,1): warning C4265: "GaussianParticleGenerator": la clase tiene funciones virtuales, pero su destructor no trivial no es virtual; puede que las instancias de esta clase no se destruyan correctamente (compilando archivo de origen Scene5.cpp)
C:\Users\laura\Documents\Desarrollo de Videojuegos\3ero\1 Cuatri\Fisica\Practicas\SimulacionFisicaVideojuegos\skeleton\ParticleGenerator.h(67,1): warning C4625: 'GaussianSolidsGenerator': el constructor de copia se definió implícitamente como eliminado (compilando archivo de origen Scene5.cpp)
C:\Users\laura\Documents\Desarrollo de Videojuegos\3ero\1 Cuatri\Fisica\Practicas\SimulacionFisicaVideojuegos\skeleton\ParticleGenerator.h(67,1): warning C4626: 'GaussianSolidsGenerator': el operador de asignaciones se definió implícitamente como eliminado (compilando archivo de origen Scene5.cpp)
C:\Users\laura\Documents\Desarrollo de Videojuegos\3ero\1 Cuatri\Fisica\Practicas\SimulacionFisicaVideojuegos\skeleton\ParticleGenerator.h(65,3): warning C4265: "GaussianSolidsGenerator": la clase tiene funciones virtuales, pero su destructor no trivial no es virtual; puede que las instancias de esta clase no se destruyan correctamente (compilando archivo de origen Scene5.cpp)
C:\Users\laura\Documents\Desarrollo de Videojuegos\3ero\1 Cuatri\Fisica\Practicas\SimulacionFisicaVideojuegos\skeleton\ParticleGenerator.h(84,1): warning C4625: 'FireworkGenerator': el constructor de copia se definió implícitamente como eliminado (compilando archivo de origen Scene5.cpp)
C:\Users\laura\Documents\Desarrollo de Videojuegos\3ero\1 Cuatri\Fisica\Practicas\SimulacionFisicaVideojuegos\skeleton\ParticleGenerator.h(84,1): warning C5026: 'FireworkGenerator': el constructor de movimiento se definió implícitamente como eliminado (compilando archivo de origen Scene5.cpp)
C:\Users\laura\Documents\Desarrollo de Videojuegos\3ero\1 Cuatri\Fisica\Practicas\SimulacionFisicaVideojuegos\skeleton\ParticleGenerator.h(84,1): warning C4626: 'FireworkGenerator': el operador de asignaciones se definió implícitamente como eliminado (compilando archivo de origen Scene5.cpp)
C:\Users\laura\Documents\Desarrollo de Videojuegos\3ero\1 Cuatri\Fisica\Practicas\SimulacionFisicaVideojuegos\skeleton\ParticleGenerator.h(84,1): warning C5027: 'FireworkGenerator': el operador de asignaciones de movimiento se definió implícitamente como eliminado (compilando archivo de origen Scene5.cpp)
C:\Users\laura\Documents\Desarrollo de Videojuegos\3ero\1 Cuatri\Fisica\Practicas\SimulacionFisicaVideojuegos\skeleton\ParticleGenerator.h(84,1): warning C4265: "FireworkGenerator": la clase tiene funciones virtuales, pero su destructor no trivial no es virtual; puede que las instancias de esta clase no se destruyan correctamente (compilando archivo de origen Scene5.cpp)
C:\Users\laura\Documents\Desarrollo de Videojuegos\3ero\1 Cuatri\Fisica\Practicas\SimulacionFisicaVideojuegos\skeleton\ColorHSV.h(92,15): warning C5219: conversión implícita de "long" a "float"; posible pérdida de datos (compilando archivo de origen SolidsSystem.cpp)
C:\Users\laura\Documents\Desarrollo de Videojuegos\3ero\1 Cuatri\Fisica\Practicas\SimulacionFisicaVideojuegos\skeleton\ColorHSV.h(92,15): warning C5219: conversión implícita de "long" a "float"; posible pérdida de datos (compilando archivo de origen main.cpp)
C:\Users\laura\Documents\Desarrollo de Videojuegos\3ero\1 Cuatri\Fisica\Practicas\SimulacionFisicaVideojuegos\skeleton\ForceGenerator.h(12,1): warning C5204: "ForceGenerator": la clase tiene funciones virtuales, pero su destructor trivial no es virtual; puede que las instancias de objetos derivados de esta clase no se destruyan correctamente (compilando archivo de origen Scene5.cpp)
C:\Users\laura\Documents\Desarrollo de Videojuegos\3ero\1 Cuatri\Fisica\Practicas\SimulacionFisicaVideojuegos\skeleton\ForceGenerator.h(16,3): warning C4265: "GravityGenerator": la clase tiene funciones virtuales, pero su destructor no trivial no es virtual; puede que las instancias de esta clase no se destruyan correctamente (compilando archivo de origen Scene5.cpp)
C:\Users\laura\Documents\Desarrollo de Videojuegos\3ero\1 Cuatri\Fisica\Practicas\SimulacionFisicaVideojuegos\skeleton\ForceGenerator.h(33,1): warning C5204: "ParticleDragGenerator": la clase tiene funciones virtuales, pero su destructor trivial no es virtual; puede que las instancias de objetos derivados de esta clase no se destruyan correctamente (compilando archivo de origen Scene5.cpp)
C:\Users\laura\Documents\Desarrollo de Videojuegos\3ero\1 Cuatri\Fisica\Practicas\SimulacionFisicaVideojuegos\skeleton\ParticleGenerator.h(31,1): warning C4625: 'ParticleGenerator': el constructor de copia se definió implícitamente como eliminado (compilando archivo de origen main.cpp)
C:\Users\laura\Documents\Desarrollo de Videojuegos\3ero\1 Cuatri\Fisica\Practicas\SimulacionFisicaVideojuegos\skeleton\ParticleGenerator.h(31,1): warning C4626: 'ParticleGenerator': el operador de asignaciones se definió implícitamente como eliminado (compilando archivo de origen main.cpp)
C:\Users\laura\Documents\Desarrollo de Videojuegos\3ero\1 Cuatri\Fisica\Practicas\SimulacionFisicaVideojuegos\skeleton\ParticleGenerator.h(26,3): warning C4265: "ParticleGenerator": la clase tiene funciones virtuales, pero su destructor no trivial no es virtual; puede que las instancias de esta clase no se destruyan correctamente (compilando archivo de origen main.cpp)
C:\Users\laura\Documents\Desarrollo de Videojuegos\3ero\1 Cuatri\Fisica\Practicas\SimulacionFisicaVideojuegos\skeleton\ParticleGenerator.h(31,1): warning C4625: 'ParticleGenerator': el constructor de copia se definió implícitamente como eliminado (compilando archivo de origen SolidsSystem.cpp)
C:\Users\laura\Documents\Desarrollo de Videojuegos\3ero\1 Cuatri\Fisica\Practicas\SimulacionFisicaVideojuegos\skeleton\ParticleGenerator.h(31,1): warning C4626: 'ParticleGenerator': el operador de asignaciones se definió implícitamente como eliminado (compilando archivo de origen SolidsSystem.cpp)
C:\Users\laura\Documents\Desarrollo de Videojuegos\3ero\1 Cuatri\Fisica\Practicas\SimulacionFisicaVideojuegos\skeleton\ParticleGenerator.h(26,3): warning C4265: "ParticleGenerator": la clase tiene funciones virtuales, pero su destructor no trivial no es virtual; puede que las instancias de esta clase no se destruyan correctamente (compilando archivo de origen SolidsSystem.cpp)
C:\Users\laura\Documents\Desarrollo de Videojuegos\3ero\1 Cuatri\Fisica\Practicas\SimulacionFisicaVideojuegos\skeleton\ParticleGenerator.h(43,1): warning C4625: 'UniformParticleGenerator': el constructor de copia se definió implícitamente como eliminado (compilando archivo de origen main.cpp)
C:\Users\laura\Documents\Desarrollo de Videojuegos\3ero\1 Cuatri\Fisica\Practicas\SimulacionFisicaVideojuegos\skeleton\ParticleGenerator.h(43,1): warning C5026: 'UniformParticleGenerator': el constructor de movimiento se definió implícitamente como eliminado (compilando archivo de origen main.cpp)
C:\Users\laura\Documents\Desarrollo de Videojuegos\3ero\1 Cuatri\Fisica\Practicas\SimulacionFisicaVideojuegos\skeleton\ParticleGenerator.h(43,1): warning C4626: 'UniformParticleGenerator': el operador de asignaciones se definió implícitamente como eliminado (compilando archivo de origen main.cpp)
C:\Users\laura\Documents\Desarrollo de Videojuegos\3ero\1 Cuatri\Fisica\Practicas\SimulacionFisicaVideojuegos\skeleton\ParticleGenerator.h(43,1): warning C5027: 'UniformParticleGenerator': el operador de asignaciones de movimiento se definió implícitamente como eliminado (compilando archivo de origen main.cpp)
C:\Users\laura\Documents\Desarrollo de Videojuegos\3ero\1 Cuatri\Fisica\Practicas\SimulacionFisicaVideojuegos\skeleton\ParticleGenerator.h(43,1): warning C4265: "UniformParticleGenerator": la clase tiene funciones virtuales, pero su destructor no trivial no es virtual; puede que las instancias de esta clase no se destruyan correctamente (compilando archivo de origen main.cpp)
C:\Users\laura\Documents\Desarrollo de Videojuegos\3ero\1 Cuatri\Fisica\Practicas\SimulacionFisicaVideojuegos\skeleton\ParticleGenerator.h(43,1): warning C4625: 'UniformParticleGenerator': el constructor de copia se definió implícitamente como eliminado (compilando archivo de origen SolidsSystem.cpp)
C:\Users\laura\Documents\Desarrollo de Videojuegos\3ero\1 Cuatri\Fisica\Practicas\SimulacionFisicaVideojuegos\skeleton\ParticleGenerator.h(43,1): warning C5026: 'UniformParticleGenerator': el constructor de movimiento se definió implícitamente como eliminado (compilando archivo de origen SolidsSystem.cpp)
C:\Users\laura\Documents\Desarrollo de Videojuegos\3ero\1 Cuatri\Fisica\Practicas\SimulacionFisicaVideojuegos\skeleton\ParticleGenerator.h(43,1): warning C4626: 'UniformParticleGenerator': el operador de asignaciones se definió implícitamente como eliminado (compilando archivo de origen SolidsSystem.cpp)
C:\Users\laura\Documents\Desarrollo de Videojuegos\3ero\1 Cuatri\Fisica\Practicas\SimulacionFisicaVideojuegos\skeleton\ParticleGenerator.h(43,1): warning C5027: 'UniformParticleGenerator': el operador de asignaciones de movimiento se definió implícitamente como eliminado (compilando archivo de origen SolidsSystem.cpp)
C:\Users\laura\Documents\Desarrollo de Videojuegos\3ero\1 Cuatri\Fisica\Practicas\SimulacionFisicaVideojuegos\skeleton\ParticleGenerator.h(52,1): warning C4625: 'GaussianParticleGenerator': el constructor de copia se definió implícitamente como eliminado (compilando archivo de origen main.cpp)
C:\Users\laura\Documents\Desarrollo de Videojuegos\3ero\1 Cuatri\Fisica\Practicas\SimulacionFisicaVideojuegos\skeleton\ParticleGenerator.h(52,1): warning C5026: 'GaussianParticleGenerator': el constructor de movimiento se definió implícitamente como eliminado (compilando archivo de origen main.cpp)
C:\Users\laura\Documents\Desarrollo de Videojuegos\3ero\1 Cuatri\Fisica\Practicas\SimulacionFisicaVideojuegos\skeleton\ParticleGenerator.h(43,1): warning C4265: "UniformParticleGenerator": la clase tiene funciones virtuales, pero su destructor no trivial no es virtual; puede que las instancias de esta clase no se destruyan correctamente (compilando archivo de origen SolidsSystem.cpp)
C:\Users\laura\Documents\Desarrollo de Videojuegos\3ero\1 Cuatri\Fisica\Practicas\SimulacionFisicaVideojuegos\skeleton\ParticleGenerator.h(52,1): warning C4626: 'GaussianParticleGenerator': el operador de asignaciones se definió implícitamente como eliminado (compilando archivo de origen main.cpp)
C:\Users\laura\Documents\Desarrollo de Videojuegos\3ero\1 Cuatri\Fisica\Practicas\SimulacionFisicaVideojuegos\skeleton\ParticleGenerator.h(52,1): warning C5027: 'GaussianParticleGenerator': el operador de asignaciones de movimiento se definió implícitamente como eliminado (compilando archivo de origen main.cpp)
C:\Users\laura\Documents\Desarrollo de Videojuegos\3ero\1 Cuatri\Fisica\Practicas\SimulacionFisicaVideojuegos\skeleton\ParticleGenerator.h(52,1): warning C4625: 'GaussianParticleGenerator': el constructor de copia se definió implícitamente como eliminado (compilando archivo de origen SolidsSystem.cpp)
C:\Users\laura\Documents\Desarrollo de Videojuegos\3ero\1 Cuatri\Fisica\Practicas\SimulacionFisicaVideojuegos\skeleton\ParticleGenerator.h(52,1): warning C4265: "GaussianParticleGenerator": la clase tiene funciones virtuales, pero su destructor no trivial no es virtual; puede que las instancias de esta clase no se destruyan correctamente (compilando archivo de origen main.cpp)
C:\Users\laura\Documents\Desarrollo de Videojuegos\3ero\1 Cuatri\Fisica\Practicas\SimulacionFisicaVideojuegos\skeleton\ParticleGenerator.h(52,1): warning C5026: 'GaussianParticleGenerator': el constructor de movimiento se definió implícitamente como eliminado (compilando archivo de origen SolidsSystem.cpp)
C:\Users\laura\Documents\Desarrollo de Videojuegos\3ero\1 Cuatri\Fisica\Practicas\SimulacionFisicaVideojuegos\skeleton\ParticleGenerator.h(52,1): warning C4626: 'GaussianParticleGenerator': el operador de asignaciones se definió implícitamente como eliminado (compilando archivo de origen SolidsSystem.cpp)
C:\Users\laura\Documents\Desarrollo de Videojuegos\3ero\1 Cuatri\Fisica\Practicas\SimulacionFisicaVideojuegos\skeleton\ParticleGenerator.h(52,1): warning C5027: 'GaussianParticleGenerator': el operador de asignaciones de movimiento se definió implícitamente como eliminado (compilando archivo de origen SolidsSystem.cpp)
C:\Users\laura\Documents\Desarrollo de Videojuegos\3ero\1 Cuatri\Fisica\Practicas\SimulacionFisicaVideojuegos\skeleton\ParticleGenerator.h(52,1): warning C4265: "GaussianParticleGenerator": la clase tiene funciones virtuales, pero su destructor no trivial no es virtual; puede que las instancias de esta clase no se destruyan correctamente (compilando archivo de origen SolidsSystem.cpp)
C:\Users\laura\Documents\Desarrollo de Videojuegos\3ero\1 Cuatri\Fisica\Practicas\SimulacionFisicaVideojuegos\skeleton\ParticleGenerator.h(67,1): warning C4625: 'GaussianSolidsGenerator': el constructor de copia se definió implícitamente como eliminado (compilando archivo de origen SolidsSystem.cpp)
C:\Users\laura\Documents\Desarrollo de Videojuegos\3ero\1 Cuatri\Fisica\Practicas\SimulacionFisicaVideojuegos\skeleton\ParticleGenerator.h(67,1): warning C4626: 'GaussianSolidsGenerator': el operador de asignaciones se definió implícitamente como eliminado (compilando archivo de origen SolidsSystem.cpp)
C:\Users\laura\Documents\Desarrollo de Videojuegos\3ero\1 Cuatri\Fisica\Practicas\SimulacionFisicaVideojuegos\skeleton\ParticleGenerator.h(65,3): warning C4265: "GaussianSolidsGenerator": la clase tiene funciones virtuales, pero su destructor no trivial no es virtual; puede que las instancias de esta clase no se destruyan correctamente (compilando archivo de origen SolidsSystem.cpp)
C:\Users\laura\Documents\Desarrollo de Videojuegos\3ero\1 Cuatri\Fisica\Practicas\SimulacionFisicaVideojuegos\skeleton\ParticleGenerator.h(67,1): warning C4625: 'GaussianSolidsGenerator': el constructor de copia se definió implícitamente como eliminado (compilando archivo de origen main.cpp)
C:\Users\laura\Documents\Desarrollo de Videojuegos\3ero\1 Cuatri\Fisica\Practicas\SimulacionFisicaVideojuegos\skeleton\ParticleGenerator.h(67,1): warning C4626: 'GaussianSolidsGenerator': el operador de asignaciones se definió implícitamente como eliminado (compilando archivo de origen main.cpp)
C:\Users\laura\Documents\Desarrollo de Videojuegos\3ero\1 Cuatri\Fisica\Practicas\SimulacionFisicaVideojuegos\skeleton\ParticleGenerator.h(84,1): warning C4625: 'FireworkGenerator': el constructor de copia se definió implícitamente como eliminado (compilando archivo de origen SolidsSystem.cpp)
C:\Users\laura\Documents\Desarrollo de Videojuegos\3ero\1 Cuatri\Fisica\Practicas\SimulacionFisicaVideojuegos\skeleton\ParticleGenerator.h(65,3): warning C4265: "GaussianSolidsGenerator": la clase tiene funciones virtuales, pero su destructor no trivial no es virtual; puede que las instancias de esta clase no se destruyan correctamente (compilando archivo de origen main.cpp)
C:\Users\laura\Documents\Desarrollo de Videojuegos\3ero\1 Cuatri\Fisica\Practicas\SimulacionFisicaVideojuegos\skeleton\ParticleGenerator.h(84,1): warning C5026: 'FireworkGenerator': el constructor de movimiento se definió implícitamente como eliminado (compilando archivo de origen SolidsSystem.cpp)
C:\Users\laura\Documents\Desarrollo de Videojuegos\3ero\1 Cuatri\Fisica\Practicas\SimulacionFisicaVideojuegos\skeleton\ParticleGenerator.h(84,1): warning C4626: 'FireworkGenerator': el operador de asignaciones se definió implícitamente como eliminado (compilando archivo de origen SolidsSystem.cpp)
C:\Users\laura\Documents\Desarrollo de Videojuegos\3ero\1 Cuatri\Fisica\Practicas\SimulacionFisicaVideojuegos\skeleton\ParticleGenerator.h(84,1): warning C5027: 'FireworkGenerator': el operador de asignaciones de movimiento se definió implícitamente como eliminado (compilando archivo de origen SolidsSystem.cpp)
C:\Users\laura\Documents\Desarrollo de Videojuegos\3ero\1 Cuatri\Fisica\Practicas\SimulacionFisicaVideojuegos\skeleton\ParticleGenerator.h(84,1): warning C4265: "FireworkGenerator": la clase tiene funciones virtuales, pero su destructor no trivial no es virtual; puede que las instancias de esta clase no se destruyan correctamente (compilando archivo de origen SolidsSystem.cpp)
C:\Users\laura\Documents\Desarrollo de Videojuegos\3ero\1 Cuatri\Fisica\Practicas\SimulacionFisicaVideojuegos\skeleton\ParticleGenerator.h(84,1): warning C4625: 'FireworkGenerator': el constructor de copia se definió implícitamente como eliminado (compilando archivo de origen main.cpp)
C:\Users\laura\Documents\Desarrollo de Videojuegos\3ero\1 Cuatri\Fisica\Practicas\SimulacionFisicaVideojuegos\skeleton\ParticleGenerator.h(84,1): warning C5026: 'FireworkGenerator': el constructor de movimiento se definió implícitamente como eliminado (compilando archivo de origen main.cpp)
C:\Users\laura\Documents\Desarrollo de Videojuegos\3ero\1 Cuatri\Fisica\Practicas\SimulacionFisicaVideojuegos\skeleton\ParticleGenerator.h(84,1): warning C4626: 'FireworkGenerator': el operador de asignaciones se definió implícitamente como eliminado (compilando archivo de origen main.cpp)
C:\Users\laura\Documents\Desarrollo de Videojuegos\3ero\1 Cuatri\Fisica\Practicas\SimulacionFisicaVideojuegos\skeleton\ParticleGenerator.h(84,1): warning C5027: 'FireworkGenerator': el operador de asignaciones de movimiento se definió implícitamente como eliminado (compilando archivo de origen main.cpp)
C:\Users\laura\Documents\Desarrollo de Videojuegos\3ero\1 Cuatri\Fisica\Practicas\SimulacionFisicaVideojuegos\skeleton\ParticleGenerator.h(84,1): warning C4265: "FireworkGenerator": la clase tiene funciones virtuales, pero su destructor no trivial no es virtual; puede que las instancias de esta clase no se destruyan correctamente (compilando archivo de origen main.cpp)
C:\Users\laura\Documents\Desarrollo de Videojuegos\3ero\1 Cuatri\Fisica\Practicas\SimulacionFisicaVideojuegos\skeleton\SolidsSystem.cpp(40,20): warning C4388: '<': no coinciden signed/unsigned
C:\Users\laura\Documents\Desarrollo de Videojuegos\3ero\1 Cuatri\Fisica\Practicas\SimulacionFisicaVideojuegos\skeleton\SolidsSystem.cpp(29,34): warning C4100: 't': parámetro formal sin referencia
C:\Users\laura\Documents\Desarrollo de Videojuegos\3ero\1 Cuatri\Fisica\Practicas\SimulacionFisicaVideojuegos\skeleton\ForceGenerator.h(12,1): warning C5204: "ForceGenerator": la clase tiene funciones virtuales, pero su destructor trivial no es virtual; puede que las instancias de objetos derivados de esta clase no se destruyan correctamente (compilando archivo de origen main.cpp)
C:\Users\laura\Documents\Desarrollo de Videojuegos\3ero\1 Cuatri\Fisica\Practicas\SimulacionFisicaVideojuegos\skeleton\ForceGenerator.h(16,3): warning C4265: "GravityGenerator": la clase tiene funciones virtuales, pero su destructor no trivial no es virtual; puede que las instancias de esta clase no se destruyan correctamente (compilando archivo de origen main.cpp)
C:\Users\laura\Documents\Desarrollo de Videojuegos\3ero\1 Cuatri\Fisica\Practicas\SimulacionFisicaVideojuegos\skeleton\ForceGenerator.h(33,1): warning C5204: "ParticleDragGenerator": la clase tiene funciones virtuales, pero su destructor trivial no es virtual; puede que las instancias de objetos derivados de esta clase no se destruyan correctamente (compilando archivo de origen main.cpp)
  game.vcxproj -> C:\Users\laura\Documents\Desarrollo de Videojuegos\3ero\1 Cuatri\Fisica\Practicas\SimulacionFisicaVideojuegos\bin\game.exe
